<?xml version="1.0" encoding="UTF-8"?>
<!-- Generated by org.testng.reporters.JUnitReportReporter -->
<testsuite hostname="DESKTOP-BAR869S" failures="0" tests="3" name="automation_bootcamp_1.Window_Navigate" time="29.328" errors="0" timestamp="2023-07-05T16:20:35 EDT" skipped="0">
  <testcase classname="automation_bootcamp_1.Window_Navigate" name="button1" time="9.065"/>
  <system-out/>
  <testcase classname="automation_bootcamp_1.Window_Navigate" name="button2" time="9.964"/>
  <system-out/>
  <testcase classname="automation_bootcamp_1.Window_Navigate" name="button3" time="10.299"/>
  <system-out/>
</testsuite> <!-- automation_bootcamp_1.Window_Navigate -->
