<?xml version="1.0" encoding="UTF-8"?>
<!-- Generated by org.testng.reporters.JUnitReportReporter -->
<testsuite hostname="DESKTOP-BAR869S" failures="0" tests="6" name="automation_bootcamp_1.LoginPageTest" time="31.528" errors="0" timestamp="2023-07-01T11:47:49 EDT" skipped="0">
  <testcase classname="automation_bootcamp_1.LoginPageTest" name="verifyingLoginWithInvalidCredentials" time="6.016"/>
  <system-out/>
  <testcase classname="automation_bootcamp_1.LoginPageTest" name="verifyingLoginWithValidCredentials" time="5.056"/>
  <system-out/>
  <testcase classname="automation_bootcamp_1.LoginPageTest" name="verifyingLoginWithInvalidCredentials" time="4.944"/>
  <system-out/>
  <testcase classname="automation_bootcamp_1.LoginPageTest" name="verifyingLoginWithInvalidCredentials" time="5.424"/>
  <system-out/>
  <testcase classname="automation_bootcamp_1.LoginPageTest" name="verifyingLoginWithInvalidCredentials" time="5.134"/>
  <system-out/>
  <testcase classname="automation_bootcamp_1.LoginPageTest" name="verifyingLoginWithInvalidCredentials" time="4.954"/>
  <system-out/>
</testsuite> <!-- automation_bootcamp_1.LoginPageTest -->
